#
# A fatal error has been detected by the Java Runtime Environment:
#
#  EXCEPTION_ACCESS_VIOLATION (0xc0000005) at pc=0x64953002, pid=4872, tid=5772
#
# JRE version: 7.0-b147
# Java VM: Java HotSpot(TM) Client VM (21.0-b17 mixed mode, sharing windows-x86 )
# Problematic frame:
# V  [jvm.dll+0x83002]
#
# Failed to write core dump. Minidumps are not enabled by default on client versions of Windows
#
# If you would like to submit a bug report, please visit:
#   http://bugreport.sun.com/bugreport/crash.jsp
#

---------------  T H R E A D  ---------------

Current thread (0x0119d400):  VMThread [stack: 0x03a20000,0x03a70000] [id=5772]

siginfo: ExceptionCode=0xc0000005, reading address 0x01000000

Registers:
EAX=0x01000000, EBX=0x38304170, ECX=0x38304000, EDX=0x2409e258
ESP=0x03a6f790, EBP=0x03a6f7a4, ESI=0x2409e214, EDI=0x03a6f8d4
EIP=0x64953002, EFLAGS=0x00010287

Top of Stack: (sp=0x03a6f790)
0x03a6f790:   03a6f8d4 2409e1f8 2409e1f8 38304178
0x03a6f7a0:   38304000 03a6f7c4 6495aef7 2409e1f8
0x03a6f7b0:   2409e258 240afa40 2409e1f8 03a6f8d4
0x03a6f7c0:   38304000 03a6f7e4 6493f243 2409e1f8
0x03a6f7d0:   03a6f8d4 011057b0 03a6f8d4 00000000
0x03a6f7e0:   01105a08 03a6f7f8 649305ed 03a6f8d4
0x03a6f7f0:   011056b0 00000000 03a6f80c 6493619c
0x03a6f800:   03a6f8d4 011056b0 03a6f894 03a6f904 

Instructions: (pc=0x64953002)
0x64952fe2:   8b 7d 0c 8b 33 03 75 08 8b 53 04 8d 14 96 89 55
0x64952ff2:   0c 3b f2 73 6b 8b 06 85 c0 74 58 3b 47 20 73 53
0x64953002:   8b 08 83 e1 03 80 f9 03 75 1e 8b 00 80 3d 77 6e
0x64953012:   b9 64 00 74 0e 8b c8 83 e1 07 80 f9 05 75 04 33 


Register to memory mapping:

EAX=0x01000000 is an unknown value
EBX=0x38304170 is an oop
{instance class} 
 - klass: {other class}
ECX=0x38304000 is an oop
{instance class} 
 - klass: {other class}
EDX=0x2409e258 is an oop
java.lang.Class 
 - klass: 'java/lang/Class'
ESP=0x03a6f790 is an unknown value
EBP=0x03a6f7a4 is an unknown value
ESI=0x2409e214 is an oop
java.lang.Class 
 - klass: 'java/lang/Class'
EDI=0x03a6f8d4 is an unknown value


Stack: [0x03a20000,0x03a70000],  sp=0x03a6f790,  free space=317k
Native frames: (J=compiled Java code, j=interpreted, Vv=VM code, C=native code)
V  [jvm.dll+0x83002]
V  [jvm.dll+0x8aef7]
V  [jvm.dll+0x6f243]
V  [jvm.dll+0x605ed]
V  [jvm.dll+0x6619c]
V  [jvm.dll+0x60a17]
V  [jvm.dll+0x671d6]
V  [jvm.dll+0x5ea03]
V  [jvm.dll+0x16b106]
V  [jvm.dll+0x148f35]
V  [jvm.dll+0x14816e]
V  [jvm.dll+0x14849c]
V  [jvm.dll+0x148912]
V  [jvm.dll+0x171549]
C  [msvcr100.dll+0x5c6de]  endthreadex+0x3a
C  [msvcr100.dll+0x5c788]  endthreadex+0xe4
C  [kernel32.dll+0x4ed6c]  BaseThreadInitThunk+0x12
C  [ntdll.dll+0x637f5]  RtlInitializeExceptionChain+0xef
C  [ntdll.dll+0x637c8]  RtlInitializeExceptionChain+0xc2

VM_Operation (0x0125e4a4): GenCollectForAllocation, mode: safepoint, requested by thread 0x01102400


---------------  P R O C E S S  ---------------

Java Threads: ( => current thread )
  0x04724c00 JavaThread "org.python.google.common.base.internal.Finalizer" daemon [_thread_blocked, id=1132, stack(0x04a60000,0x04ab0000)]
  0x03cf2800 JavaThread "Java2D Disposer" daemon [_thread_blocked, id=5196, stack(0x045d0000,0x04620000)]
  0x011bec00 JavaThread "Service Thread" daemon [_thread_blocked, id=4744, stack(0x03bc0000,0x03c10000)]
  0x011b1000 JavaThread "C1 CompilerThread0" daemon [_thread_blocked, id=3976, stack(0x038d0000,0x03920000)]
  0x011b0000 JavaThread "Attach Listener" daemon [_thread_blocked, id=3040, stack(0x03b60000,0x03bb0000)]
  0x011acc00 JavaThread "Signal Dispatcher" daemon [_thread_blocked, id=5548, stack(0x03830000,0x03880000)]
  0x011a4400 JavaThread "Finalizer" daemon [_thread_blocked, id=2108, stack(0x03880000,0x038d0000)]
  0x0119f400 JavaThread "Reference Handler" daemon [_thread_blocked, id=2356, stack(0x039d0000,0x03a20000)]
  0x01102400 JavaThread "main" [_thread_blocked, id=5352, stack(0x01210000,0x01260000)]

Other Threads:
=>0x0119d400 VMThread [stack: 0x03a20000,0x03a70000] [id=5772]
  0x011e2400 WatcherThread [stack: 0x03960000,0x039b0000] [id=2316]

VM state:at safepoint (normal execution)

VM Mutex/Monitor currently owned by a thread:  ([mutex/lock_event])
[0x011006e0] Threads_lock - owner thread: 0x0119d400
[0x01100af0] Heap_lock - owner thread: 0x01102400

Heap
 def new generation   total 8704K, used 8702K [0x23900000, 0x24270000, 0x28e50000)
  eden space 7744K,  99% used [0x23900000, 0x2408fb78, 0x24090000)
  from space 960K, 100% used [0x24180000, 0x24270000, 0x24270000)
  to   space 960K,  19% used [0x24090000, 0x240bfd10, 0x24180000)
 tenured generation   total 19308K, used 12806K [0x28e50000, 0x2a12b000, 0x33900000)
   the space 19308K,  66% used [0x28e50000, 0x29ad1aa8, 0x29ad1c00, 0x2a12b000)
 compacting perm gen  total 12288K, used 4037K [0x33900000, 0x34500000, 0x37900000)
   the space 12288K,  32% used [0x33900000, 0x33cf17e0, 0x33cf1800, 0x34500000)
    ro space 10240K,  42% used [0x37900000, 0x37d3c660, 0x37d3c800, 0x38300000)
    rw space 12288K,  53% used [0x38300000, 0x38978180, 0x38978200, 0x38f00000)

Code Cache  [0x01780000, 0x01868000, 0x03780000)
 total_blobs=450 nmethods=264 adapters=119 free_code_cache=31857Kb largest_free_block=32622080

Dynamic libraries:
0x01370000 - 0x0139f000 	C:\Program Files\Java\jre7\bin\javaw.exe
0x77100000 - 0x7723c000 	C:\Windows\SYSTEM32\ntdll.dll
0x755a0000 - 0x75674000 	C:\Windows\system32\kernel32.dll
0x753e0000 - 0x7542a000 	C:\Windows\system32\KERNELBASE.dll
0x756a0000 - 0x75740000 	C:\Windows\system32\ADVAPI32.dll
0x75e40000 - 0x75eec000 	C:\Windows\system32\msvcrt.dll
0x77250000 - 0x77269000 	C:\Windows\SYSTEM32\sechost.dll
0x76130000 - 0x761d1000 	C:\Windows\system32\RPCRT4.dll
0x76f10000 - 0x76fd9000 	C:\Windows\system32\USER32.dll
0x77280000 - 0x772ce000 	C:\Windows\system32\GDI32.dll
0x77270000 - 0x7727a000 	C:\Windows\system32\LPK.dll
0x75740000 - 0x757dd000 	C:\Windows\system32\USP10.dll
0x74140000 - 0x742de000 	C:\Windows\WinSxS\x86_microsoft.windows.common-controls_6595b64144ccf1df_6.0.7601.17514_none_41e6975e2bd6f2b2\COMCTL32.dll
0x772d0000 - 0x77327000 	C:\Windows\system32\SHLWAPI.dll
0x75680000 - 0x7569f000 	C:\Windows\system32\IMM32.DLL
0x761e0000 - 0x762ac000 	C:\Windows\system32\MSCTF.dll
0x73010000 - 0x730ce000 	C:\Program Files\Java\jre7\bin\msvcr100.dll
0x648d0000 - 0x64bf1000 	C:\Program Files\Java\jre7\bin\client\jvm.dll
0x71060000 - 0x71067000 	C:\Windows\system32\WSOCK32.dll
0x75f20000 - 0x75f55000 	C:\Windows\system32\WS2_32.dll
0x76f00000 - 0x76f06000 	C:\Windows\system32\NSI.dll
0x736a0000 - 0x736d2000 	C:\Windows\system32\WINMM.dll
0x77240000 - 0x77245000 	C:\Windows\system32\PSAPI.DLL
0x64750000 - 0x6475c000 	C:\Program Files\Java\jre7\bin\verify.dll
0x64730000 - 0x64750000 	C:\Program Files\Java\jre7\bin\java.dll
0x648b0000 - 0x648c3000 	C:\Program Files\Java\jre7\bin\zip.dll
0x62c40000 - 0x62d82000 	C:\Program Files\Java\jre7\bin\awt.dll
0x75db0000 - 0x75e3f000 	C:\Windows\system32\OLEAUT32.dll
0x75860000 - 0x759bc000 	C:\Windows\system32\ole32.dll
0x74d20000 - 0x74d36000 	C:\Windows\system32\CRYPTSP.dll
0x74ac0000 - 0x74afb000 	C:\Windows\system32\rsaenh.dll
0x74900000 - 0x74917000 	C:\Windows\system32\USERENV.dll
0x752a0000 - 0x752ab000 	C:\Windows\system32\profapi.dll
0x751f0000 - 0x751fc000 	C:\Windows\system32\CRYPTBASE.dll
0x68d60000 - 0x68d74000 	C:\Program Files\Java\jre7\bin\net.dll
0x74ce0000 - 0x74d1c000 	C:\Windows\system32\mswsock.dll
0x74cd0000 - 0x74cd6000 	C:\Windows\System32\wship6.dll
0x735b0000 - 0x735c0000 	C:\Windows\system32\NLAapi.dll
0x6f600000 - 0x6f610000 	C:\Windows\system32\napinsp.dll
0x6f5e0000 - 0x6f5f2000 	C:\Windows\system32\pnrpnsp.dll
0x74ba0000 - 0x74be4000 	C:\Windows\system32\DNSAPI.dll
0x6f5d0000 - 0x6f5d8000 	C:\Windows\System32\winrnr.dll
0x6fa30000 - 0x6fa51000 	C:\Program Files\Bonjour\mdnsNSP.dll
0x71c90000 - 0x71cac000 	C:\Windows\system32\Iphlpapi.DLL
0x73390000 - 0x73397000 	C:\Windows\system32\WINNSI.DLL
0x74830000 - 0x74835000 	C:\Windows\System32\wshtcpip.dll
0x6fa20000 - 0x6fa26000 	C:\Windows\system32\rasadhlp.dll
0x71940000 - 0x71978000 	C:\Windows\System32\fwpuclnt.dll
0x68d50000 - 0x68d5f000 	C:\Program Files\Java\jre7\bin\nio.dll

VM Arguments:
jvm_args: -Dfile.encoding=Cp1252 
java_command: com.mojang.mojam.MojamComponent
Launcher Type: SUN_STANDARD

Environment Variables:
CLASSPATH=.;C:\Program Files\Java\jre6\lib\ext\QTJava.zip
PATH=C:/Program Files/Java/jre7/bin/client;C:/Program Files/Java/jre7/bin;C:/Program Files/Java/jre7/lib/i386;C:\Windows\system32;C:\Windows;C:\Windows\System32\Wbem;C:\Windows\System32\WindowsPowerShell\v1.0\;C:\Program Files\QuickTime\QTSystem\;C:\Program Files\Java\jdk1.6.0_24\bin;C:\Program Files\Java\jre6\bin;C:\Users\Maik\Desktop\eclipse;
USERNAME=Maik
OS=Windows_NT
PROCESSOR_IDENTIFIER=x86 Family 6 Model 23 Stepping 10, GenuineIntel



---------------  S Y S T E M  ---------------

OS: Windows 7 Build 7601 Service Pack 1

CPU:total 1 (1 cores per cpu, 1 threads per core) family 6 model 23 stepping 10, cmov, cx8, fxsr, mmx, sse, sse2, sse3, ssse3

Memory: 4k page, physical 2025456k(759488k free), swap 4050912k(1394124k free)

vm_info: Java HotSpot(TM) Client VM (21.0-b17) for windows-x86 JRE (1.7.0-b147), built on Jun 27 2011 02:25:52 by "java_re" with unknown MS VC++:1600

time: Mon Apr 16 14:35:49 2012
elapsed time: 3 seconds

